BEGIN 74xaLqdTDdHZ9ey AUTHZ
  RequestToken = e49HDdxTqL7dZya
  AccessToken = aZy4TLHxqded9D7
BEGIN f80N46i82fdx61d AUTHZ
  RequestToken = d10i68x86f4dfN2
  AccessToken = 2Nx0id84f6d168f
PERMIT (READ,Applications,2Nx0id84f6d168f,2)
PERMIT (EXECUTE,Applications,2Nx0id84f6d168f,1)
DENY (DELETE,Applications,2Nx0id84f6d168f,0)
DENY (READ,Preferences,2Nx0id84f6d168f,0)
DENY (MODIFY,Preferences,2Nx0id84f6d168f,0)
DENY (MODIFY,UserData,2Nx0id84f6d168f,0)
BEGIN 74xaLqdTDdHZ9ey AUTHZ
  RequestToken = q7ZLd9D4yxdHaeT
DENY (INSERT,Files,,0)
DENY (INSERT,Applications,,0)
BEGIN f80N46i82fdx61d AUTHZ
  RequestToken = fi4N018fx668dd2
  AccessToken = x1628id60N8ffd4
PERMIT (INSERT,Applications,x1628id60N8ffd4,2)
DENY (DELETE,Files,x1628id60N8ffd4,1)
DENY (EXECUTE,Applications,x1628id60N8ffd4,0)
